2022-03-06 10:33:27.947  INFO 616 --- [restartedMain] DemoEventsApi                            : Starting DemoEventsApi using Java 11.0.4 on DESKTOP-UBC393F with PID 616 (C:\Users\LegendaryWarior\Events\target\classes started by LegendaryWarior in C:\Users\LegendaryWarior\Events)
2022-03-06 10:33:28.320  INFO 616 --- [restartedMain] DemoEventsApi                            : No active profile set, falling back to default profiles: default
2022-03-06 10:33:28.564  INFO 616 --- [restartedMain] .e.DevToolsPropertyDefaultsPostProcessor : Devtools property defaults active! Set 'spring.devtools.add-properties' to 'false' to disable
2022-03-06 10:33:28.568  INFO 616 --- [restartedMain] .e.DevToolsPropertyDefaultsPostProcessor : For additional web related logging consider setting the 'logging.level.web' property to 'DEBUG'
2022-03-06 10:33:30.917  WARN 616 --- [restartedMain] o.s.b.a.AutoConfigurationPackages        : @EnableAutoConfiguration was declared on a class in the default package. Automatic @Repository and @Entity scanning is not enabled.
2022-03-06 10:33:34.122  INFO 616 --- [restartedMain] o.s.b.w.embedded.tomcat.TomcatWebServer  : Tomcat initialized with port(s): 8071 (http)
2022-03-06 10:33:34.147  INFO 616 --- [restartedMain] o.apache.catalina.core.StandardService   : Starting service [Tomcat]
2022-03-06 10:33:34.149  INFO 616 --- [restartedMain] org.apache.catalina.core.StandardEngine  : Starting Servlet engine: [Apache Tomcat/9.0.41]
2022-03-06 10:33:34.393  INFO 616 --- [restartedMain] o.a.c.c.C.[Tomcat].[localhost].[/]       : Initializing Spring embedded WebApplicationContext
2022-03-06 10:33:34.395  INFO 616 --- [restartedMain] w.s.c.ServletWebServerApplicationContext : Root WebApplicationContext: initialization completed in 5824 ms
2022-03-06 10:33:35.046  INFO 616 --- [restartedMain] o.s.s.concurrent.ThreadPoolTaskExecutor  : Initializing ExecutorService 'applicationTaskExecutor'
2022-03-06 10:33:36.172  INFO 616 --- [restartedMain] o.f.c.internal.license.VersionPrinter    : Flyway Community Edition 7.1.1 by Redgate
2022-03-06 10:33:36.193  INFO 616 --- [restartedMain] com.zaxxer.hikari.HikariDataSource       : HikariPool-1 - Starting...
2022-03-06 10:33:37.128  INFO 616 --- [restartedMain] com.zaxxer.hikari.HikariDataSource       : HikariPool-1 - Start completed.
2022-03-06 10:33:37.273  INFO 616 --- [restartedMain] o.f.c.i.database.base.DatabaseType       : Database: jdbc:mysql://localhost:3307/mydb (MySQL 8.0)
2022-03-06 10:33:37.613  INFO 616 --- [restartedMain] o.f.core.internal.command.DbValidate     : Successfully validated 2 migrations (execution time 00:00.118s)
2022-03-06 10:33:37.692  INFO 616 --- [restartedMain] o.f.c.i.s.JdbcTableSchemaHistory         : Creating Schema History table `mydb`.`flyway_schema_history` ...
2022-03-06 10:33:38.192  INFO 616 --- [restartedMain] o.f.core.internal.command.DbMigrate      : Current version of schema `mydb`: << Empty Schema >>
2022-03-06 10:33:38.229  INFO 616 --- [restartedMain] o.f.core.internal.command.DbMigrate      : Migrating schema `mydb` to version "0.0.1 - createTables"
2022-03-06 10:33:38.380  WARN 616 --- [restartedMain] o.f.c.i.s.DefaultSqlScriptExecutor       : DB: Integer display width is deprecated and will be removed in a future release. (SQL State: HY000 - Error Code: 1681)
2022-03-06 10:33:38.380  WARN 616 --- [restartedMain] o.f.c.i.s.DefaultSqlScriptExecutor       : DB: Integer display width is deprecated and will be removed in a future release. (SQL State: HY000 - Error Code: 1681)
2022-03-06 10:33:38.508  WARN 616 --- [restartedMain] o.f.c.i.s.DefaultSqlScriptExecutor       : DB: Integer display width is deprecated and will be removed in a future release. (SQL State: HY000 - Error Code: 1681)
2022-03-06 10:33:38.509  WARN 616 --- [restartedMain] o.f.c.i.s.DefaultSqlScriptExecutor       : DB: Integer display width is deprecated and will be removed in a future release. (SQL State: HY000 - Error Code: 1681)
2022-03-06 10:33:38.708  WARN 616 --- [restartedMain] o.f.c.i.s.DefaultSqlScriptExecutor       : DB: Integer display width is deprecated and will be removed in a future release. (SQL State: HY000 - Error Code: 1681)
2022-03-06 10:33:38.709  WARN 616 --- [restartedMain] o.f.c.i.s.DefaultSqlScriptExecutor       : DB: Integer display width is deprecated and will be removed in a future release. (SQL State: HY000 - Error Code: 1681)
2022-03-06 10:33:39.032  WARN 616 --- [restartedMain] o.f.c.i.s.DefaultSqlScriptExecutor       : DB: Integer display width is deprecated and will be removed in a future release. (SQL State: HY000 - Error Code: 1681)
2022-03-06 10:33:39.033  WARN 616 --- [restartedMain] o.f.c.i.s.DefaultSqlScriptExecutor       : DB: Integer display width is deprecated and will be removed in a future release. (SQL State: HY000 - Error Code: 1681)
2022-03-06 10:33:39.395  WARN 616 --- [restartedMain] o.f.c.i.s.DefaultSqlScriptExecutor       : DB: Integer display width is deprecated and will be removed in a future release. (SQL State: HY000 - Error Code: 1681)
2022-03-06 10:33:39.395  WARN 616 --- [restartedMain] o.f.c.i.s.DefaultSqlScriptExecutor       : DB: Integer display width is deprecated and will be removed in a future release. (SQL State: HY000 - Error Code: 1681)
2022-03-06 10:33:39.811  INFO 616 --- [restartedMain] o.f.core.internal.command.DbMigrate      : Migrating schema `mydb` to version "0.0.2 - insertData"
2022-03-06 10:33:40.478  INFO 616 --- [restartedMain] o.f.core.internal.command.DbMigrate      : Successfully applied 2 migrations to schema `mydb` (execution time 00:02.314s)
2022-03-06 10:33:40.653  INFO 616 --- [restartedMain] .s.s.UserDetailsServiceAutoConfiguration : 

Using generated security password: 73aa525a-3f0d-42d1-9709-e7f4585a6a39

2022-03-06 10:33:41.022  INFO 616 --- [restartedMain] o.s.s.web.DefaultSecurityFilterChain     : Will secure any request with [org.springframework.security.web.context.request.async.WebAsyncManagerIntegrationFilter@2f3337c6, org.springframework.security.web.context.SecurityContextPersistenceFilter@b147848, org.springframework.security.web.header.HeaderWriterFilter@61e2ddac, org.springframework.security.web.csrf.CsrfFilter@2ff60fec, org.springframework.security.web.authentication.logout.LogoutFilter@5991435a, org.springframework.security.web.authentication.UsernamePasswordAuthenticationFilter@5a7941d2, org.springframework.security.web.authentication.ui.DefaultLoginPageGeneratingFilter@74c54c84, org.springframework.security.web.authentication.ui.DefaultLogoutPageGeneratingFilter@29c65ac7, org.springframework.security.web.authentication.www.BasicAuthenticationFilter@5ca4d2f2, org.springframework.security.web.savedrequest.RequestCacheAwareFilter@364c628, org.springframework.security.web.servletapi.SecurityContextHolderAwareRequestFilter@7735ad38, org.springframework.security.web.authentication.AnonymousAuthenticationFilter@538f3e4f, org.springframework.security.web.session.SessionManagementFilter@65eaf67, org.springframework.security.web.access.ExceptionTranslationFilter@37614555, org.springframework.security.web.access.intercept.FilterSecurityInterceptor@65f94689]
2022-03-06 10:33:41.193  INFO 616 --- [restartedMain] o.s.b.d.a.OptionalLiveReloadServer       : LiveReload server is running on port 35729
2022-03-06 10:33:41.271  INFO 616 --- [restartedMain] o.s.b.w.embedded.tomcat.TomcatWebServer  : Tomcat started on port(s): 8071 (http) with context path ''
2022-03-06 10:33:41.307  INFO 616 --- [restartedMain] DemoEventsApi                            : Started DemoEventsApi in 15.136 seconds (JVM running for 17.625)
2022-03-06 11:53:19.648  WARN 616 --- [HikariPool-1 housekeeper] com.zaxxer.hikari.pool.HikariPool        : HikariPool-1 - Thread starvation or clock leap detected (housekeeper delta=49m11s949ms164µs).
2022-03-06 12:13:12.175  INFO 16980 --- [restartedMain] DemoEventsApi                            : Starting DemoEventsApi using Java 11.0.4 on DESKTOP-UBC393F with PID 16980 (C:\Users\LegendaryWarior\Events\target\classes started by LegendaryWarior in C:\Users\LegendaryWarior\Events)
2022-03-06 12:13:12.187  INFO 16980 --- [restartedMain] DemoEventsApi                            : No active profile set, falling back to default profiles: default
2022-03-06 12:13:12.562  INFO 16980 --- [restartedMain] .e.DevToolsPropertyDefaultsPostProcessor : Devtools property defaults active! Set 'spring.devtools.add-properties' to 'false' to disable
2022-03-06 12:13:12.563  INFO 16980 --- [restartedMain] .e.DevToolsPropertyDefaultsPostProcessor : For additional web related logging consider setting the 'logging.level.web' property to 'DEBUG'
2022-03-06 12:13:16.176  WARN 16980 --- [restartedMain] o.s.b.a.AutoConfigurationPackages        : @EnableAutoConfiguration was declared on a class in the default package. Automatic @Repository and @Entity scanning is not enabled.
2022-03-06 12:13:19.378  INFO 16980 --- [restartedMain] o.s.b.w.embedded.tomcat.TomcatWebServer  : Tomcat initialized with port(s): 8071 (http)
2022-03-06 12:13:19.413  INFO 16980 --- [restartedMain] o.apache.catalina.core.StandardService   : Starting service [Tomcat]
2022-03-06 12:13:19.414  INFO 16980 --- [restartedMain] org.apache.catalina.core.StandardEngine  : Starting Servlet engine: [Apache Tomcat/9.0.41]
2022-03-06 12:13:19.760  INFO 16980 --- [restartedMain] o.a.c.c.C.[Tomcat].[localhost].[/]       : Initializing Spring embedded WebApplicationContext
2022-03-06 12:13:19.761  INFO 16980 --- [restartedMain] w.s.c.ServletWebServerApplicationContext : Root WebApplicationContext: initialization completed in 7196 ms
2022-03-06 12:13:20.659  INFO 16980 --- [restartedMain] o.s.s.concurrent.ThreadPoolTaskExecutor  : Initializing ExecutorService 'applicationTaskExecutor'
2022-03-06 12:13:21.924  INFO 16980 --- [restartedMain] o.f.c.internal.license.VersionPrinter    : Flyway Community Edition 7.1.1 by Redgate
2022-03-06 12:13:21.948  INFO 16980 --- [restartedMain] com.zaxxer.hikari.HikariDataSource       : HikariPool-1 - Starting...
2022-03-06 12:13:23.119  INFO 16980 --- [restartedMain] com.zaxxer.hikari.HikariDataSource       : HikariPool-1 - Start completed.
2022-03-06 12:13:23.357  INFO 16980 --- [restartedMain] o.f.c.i.database.base.DatabaseType       : Database: jdbc:mysql://localhost:3307/mydb (MySQL 8.0)
2022-03-06 12:13:24.092  WARN 16980 --- [restartedMain] ConfigServletWebServerApplicationContext : Exception encountered during context initialization - cancelling refresh attempt: org.springframework.beans.factory.BeanCreationException: Error creating bean with name 'flywayInitializer' defined in class path resource [org/springframework/boot/autoconfigure/flyway/FlywayAutoConfiguration$FlywayConfiguration.class]: Invocation of init method failed; nested exception is org.flywaydb.core.api.exception.FlywayValidateException: Validate failed: Migrations have failed validation
2022-03-06 12:13:24.094  INFO 16980 --- [restartedMain] com.zaxxer.hikari.HikariDataSource       : HikariPool-1 - Shutdown initiated...
2022-03-06 12:13:24.146  INFO 16980 --- [restartedMain] com.zaxxer.hikari.HikariDataSource       : HikariPool-1 - Shutdown completed.
2022-03-06 12:13:24.148  INFO 16980 --- [restartedMain] o.s.s.concurrent.ThreadPoolTaskExecutor  : Shutting down ExecutorService 'applicationTaskExecutor'
2022-03-06 12:13:24.159  INFO 16980 --- [restartedMain] o.apache.catalina.core.StandardService   : Stopping service [Tomcat]
2022-03-06 12:13:24.242  INFO 16980 --- [restartedMain] ConditionEvaluationReportLoggingListener : 

Error starting ApplicationContext. To display the conditions report re-run your application with 'debug' enabled.
2022-03-06 12:13:24.359 ERROR 16980 --- [restartedMain] o.s.boot.SpringApplication               : Application run failed

org.springframework.beans.factory.BeanCreationException: Error creating bean with name 'flywayInitializer' defined in class path resource [org/springframework/boot/autoconfigure/flyway/FlywayAutoConfiguration$FlywayConfiguration.class]: Invocation of init method failed; nested exception is org.flywaydb.core.api.exception.FlywayValidateException: Validate failed: Migrations have failed validation
	at org.springframework.beans.factory.support.AbstractAutowireCapableBeanFactory.initializeBean(AbstractAutowireCapableBeanFactory.java:1788) ~[spring-beans-5.3.2.jar:5.3.2]
	at org.springframework.beans.factory.support.AbstractAutowireCapableBeanFactory.doCreateBean(AbstractAutowireCapableBeanFactory.java:609) ~[spring-beans-5.3.2.jar:5.3.2]
	at org.springframework.beans.factory.support.AbstractAutowireCapableBeanFactory.createBean(AbstractAutowireCapableBeanFactory.java:531) ~[spring-beans-5.3.2.jar:5.3.2]
	at org.springframework.beans.factory.support.AbstractBeanFactory.lambda$doGetBean$0(AbstractBeanFactory.java:335) ~[spring-beans-5.3.2.jar:5.3.2]
	at org.springframework.beans.factory.support.DefaultSingletonBeanRegistry.getSingleton(DefaultSingletonBeanRegistry.java:234) ~[spring-beans-5.3.2.jar:5.3.2]
	at org.springframework.beans.factory.support.AbstractBeanFactory.doGetBean(AbstractBeanFactory.java:333) ~[spring-beans-5.3.2.jar:5.3.2]
	at org.springframework.beans.factory.support.AbstractBeanFactory.getBean(AbstractBeanFactory.java:208) ~[spring-beans-5.3.2.jar:5.3.2]
	at org.springframework.beans.factory.support.AbstractBeanFactory.doGetBean(AbstractBeanFactory.java:322) ~[spring-beans-5.3.2.jar:5.3.2]
	at org.springframework.beans.factory.support.AbstractBeanFactory.getBean(AbstractBeanFactory.java:208) ~[spring-beans-5.3.2.jar:5.3.2]
	at org.springframework.beans.factory.support.DefaultListableBeanFactory.preInstantiateSingletons(DefaultListableBeanFactory.java:944) ~[spring-beans-5.3.2.jar:5.3.2]
	at org.springframework.context.support.AbstractApplicationContext.finishBeanFactoryInitialization(AbstractApplicationContext.java:923) ~[spring-context-5.3.2.jar:5.3.2]
	at org.springframework.context.support.AbstractApplicationContext.refresh(AbstractApplicationContext.java:588) ~[spring-context-5.3.2.jar:5.3.2]
	at org.springframework.boot.web.servlet.context.ServletWebServerApplicationContext.refresh(ServletWebServerApplicationContext.java:144) ~[spring-boot-2.4.1.jar:2.4.1]
	at org.springframework.boot.SpringApplication.refresh(SpringApplication.java:767) ~[spring-boot-2.4.1.jar:2.4.1]
	at org.springframework.boot.SpringApplication.refresh(SpringApplication.java:759) ~[spring-boot-2.4.1.jar:2.4.1]
	at org.springframework.boot.SpringApplication.refreshContext(SpringApplication.java:426) ~[spring-boot-2.4.1.jar:2.4.1]
	at org.springframework.boot.SpringApplication.run(SpringApplication.java:326) ~[spring-boot-2.4.1.jar:2.4.1]
	at org.springframework.boot.SpringApplication.run(SpringApplication.java:1309) ~[spring-boot-2.4.1.jar:2.4.1]
	at org.springframework.boot.SpringApplication.run(SpringApplication.java:1298) ~[spring-boot-2.4.1.jar:2.4.1]
	at DemoEventsApi.main(DemoEventsApi.java:13) ~[classes/:na]
	at java.base/jdk.internal.reflect.NativeMethodAccessorImpl.invoke0(Native Method) ~[na:na]
	at java.base/jdk.internal.reflect.NativeMethodAccessorImpl.invoke(NativeMethodAccessorImpl.java:62) ~[na:na]
	at java.base/jdk.internal.reflect.DelegatingMethodAccessorImpl.invoke(DelegatingMethodAccessorImpl.java:43) ~[na:na]
	at java.base/java.lang.reflect.Method.invoke(Method.java:566) ~[na:na]
	at org.springframework.boot.devtools.restart.RestartLauncher.run(RestartLauncher.java:49) ~[spring-boot-devtools-2.4.1.jar:2.4.1]
Caused by: org.flywaydb.core.api.exception.FlywayValidateException: Validate failed: Migrations have failed validation
	at org.flywaydb.core.Flyway$1.execute(Flyway.java:172) ~[flyway-core-7.1.1.jar:na]
	at org.flywaydb.core.Flyway$1.execute(Flyway.java:164) ~[flyway-core-7.1.1.jar:na]
	at org.flywaydb.core.Flyway.execute(Flyway.java:538) ~[flyway-core-7.1.1.jar:na]
	at org.flywaydb.core.Flyway.migrate(Flyway.java:164) ~[flyway-core-7.1.1.jar:na]
	at org.springframework.boot.autoconfigure.flyway.FlywayMigrationInitializer.afterPropertiesSet(FlywayMigrationInitializer.java:66) ~[spring-boot-autoconfigure-2.4.1.jar:2.4.1]
	at org.springframework.beans.factory.support.AbstractAutowireCapableBeanFactory.invokeInitMethods(AbstractAutowireCapableBeanFactory.java:1847) ~[spring-beans-5.3.2.jar:5.3.2]
	at org.springframework.beans.factory.support.AbstractAutowireCapableBeanFactory.initializeBean(AbstractAutowireCapableBeanFactory.java:1784) ~[spring-beans-5.3.2.jar:5.3.2]
	... 24 common frames omitted

2022-03-06 12:13:54.075  INFO 17548 --- [restartedMain] DemoEventsApi                            : Starting DemoEventsApi using Java 11.0.4 on DESKTOP-UBC393F with PID 17548 (C:\Users\LegendaryWarior\Events\target\classes started by LegendaryWarior in C:\Users\LegendaryWarior\Events)
2022-03-06 12:13:54.091  INFO 17548 --- [restartedMain] DemoEventsApi                            : No active profile set, falling back to default profiles: default
2022-03-06 12:13:54.376  INFO 17548 --- [restartedMain] .e.DevToolsPropertyDefaultsPostProcessor : Devtools property defaults active! Set 'spring.devtools.add-properties' to 'false' to disable
2022-03-06 12:13:54.386  INFO 17548 --- [restartedMain] .e.DevToolsPropertyDefaultsPostProcessor : For additional web related logging consider setting the 'logging.level.web' property to 'DEBUG'
2022-03-06 12:13:57.202  WARN 17548 --- [restartedMain] o.s.b.a.AutoConfigurationPackages        : @EnableAutoConfiguration was declared on a class in the default package. Automatic @Repository and @Entity scanning is not enabled.
2022-03-06 12:13:59.433  INFO 17548 --- [restartedMain] o.s.b.w.embedded.tomcat.TomcatWebServer  : Tomcat initialized with port(s): 8071 (http)
2022-03-06 12:13:59.465  INFO 17548 --- [restartedMain] o.apache.catalina.core.StandardService   : Starting service [Tomcat]
2022-03-06 12:13:59.466  INFO 17548 --- [restartedMain] org.apache.catalina.core.StandardEngine  : Starting Servlet engine: [Apache Tomcat/9.0.41]
2022-03-06 12:13:59.701  INFO 17548 --- [restartedMain] o.a.c.c.C.[Tomcat].[localhost].[/]       : Initializing Spring embedded WebApplicationContext
2022-03-06 12:13:59.702  INFO 17548 --- [restartedMain] w.s.c.ServletWebServerApplicationContext : Root WebApplicationContext: initialization completed in 5303 ms
2022-03-06 12:14:00.371  INFO 17548 --- [restartedMain] o.s.s.concurrent.ThreadPoolTaskExecutor  : Initializing ExecutorService 'applicationTaskExecutor'
2022-03-06 12:14:01.375  INFO 17548 --- [restartedMain] o.f.c.internal.license.VersionPrinter    : Flyway Community Edition 7.1.1 by Redgate
2022-03-06 12:14:01.391  INFO 17548 --- [restartedMain] com.zaxxer.hikari.HikariDataSource       : HikariPool-1 - Starting...
2022-03-06 12:14:02.654  INFO 17548 --- [restartedMain] com.zaxxer.hikari.HikariDataSource       : HikariPool-1 - Start completed.
2022-03-06 12:14:02.834  INFO 17548 --- [restartedMain] o.f.c.i.database.base.DatabaseType       : Database: jdbc:mysql://localhost:3307/mydb (MySQL 8.0)
2022-03-06 12:14:03.373  INFO 17548 --- [restartedMain] o.f.core.internal.command.DbValidate     : Successfully validated 2 migrations (execution time 00:00.129s)
2022-03-06 12:14:03.453  INFO 17548 --- [restartedMain] o.f.c.i.s.JdbcTableSchemaHistory         : Creating Schema History table `mydb`.`flyway_schema_history` ...
2022-03-06 12:14:03.930  INFO 17548 --- [restartedMain] o.f.core.internal.command.DbMigrate      : Current version of schema `mydb`: << Empty Schema >>
2022-03-06 12:14:03.961  INFO 17548 --- [restartedMain] o.f.core.internal.command.DbMigrate      : Migrating schema `mydb` to version "0.0.1 - createTables"
2022-03-06 12:14:04.092  WARN 17548 --- [restartedMain] o.f.c.i.s.DefaultSqlScriptExecutor       : DB: Integer display width is deprecated and will be removed in a future release. (SQL State: HY000 - Error Code: 1681)
2022-03-06 12:14:04.093  WARN 17548 --- [restartedMain] o.f.c.i.s.DefaultSqlScriptExecutor       : DB: Integer display width is deprecated and will be removed in a future release. (SQL State: HY000 - Error Code: 1681)
2022-03-06 12:14:04.221  WARN 17548 --- [restartedMain] o.f.c.i.s.DefaultSqlScriptExecutor       : DB: Integer display width is deprecated and will be removed in a future release. (SQL State: HY000 - Error Code: 1681)
2022-03-06 12:14:04.222  WARN 17548 --- [restartedMain] o.f.c.i.s.DefaultSqlScriptExecutor       : DB: Integer display width is deprecated and will be removed in a future release. (SQL State: HY000 - Error Code: 1681)
2022-03-06 12:14:04.360  WARN 17548 --- [restartedMain] o.f.c.i.s.DefaultSqlScriptExecutor       : DB: Integer display width is deprecated and will be removed in a future release. (SQL State: HY000 - Error Code: 1681)
2022-03-06 12:14:04.361  WARN 17548 --- [restartedMain] o.f.c.i.s.DefaultSqlScriptExecutor       : DB: Integer display width is deprecated and will be removed in a future release. (SQL State: HY000 - Error Code: 1681)
2022-03-06 12:14:04.583  WARN 17548 --- [restartedMain] o.f.c.i.s.DefaultSqlScriptExecutor       : DB: Integer display width is deprecated and will be removed in a future release. (SQL State: HY000 - Error Code: 1681)
2022-03-06 12:14:04.584  WARN 17548 --- [restartedMain] o.f.c.i.s.DefaultSqlScriptExecutor       : DB: Integer display width is deprecated and will be removed in a future release. (SQL State: HY000 - Error Code: 1681)
2022-03-06 12:14:04.802  WARN 17548 --- [restartedMain] o.f.c.i.s.DefaultSqlScriptExecutor       : DB: Integer display width is deprecated and will be removed in a future release. (SQL State: HY000 - Error Code: 1681)
2022-03-06 12:14:04.803  WARN 17548 --- [restartedMain] o.f.c.i.s.DefaultSqlScriptExecutor       : DB: Integer display width is deprecated and will be removed in a future release. (SQL State: HY000 - Error Code: 1681)
2022-03-06 12:14:05.200  INFO 17548 --- [restartedMain] o.f.core.internal.command.DbMigrate      : Migrating schema `mydb` to version "0.0.2 - insertData"
2022-03-06 12:14:05.877  INFO 17548 --- [restartedMain] o.f.core.internal.command.DbMigrate      : Successfully applied 2 migrations to schema `mydb` (execution time 00:01.972s)
2022-03-06 12:14:06.052  INFO 17548 --- [restartedMain] .s.s.UserDetailsServiceAutoConfiguration : 

Using generated security password: 77bf6a2e-02a6-48f5-a271-d3f2e63da827

2022-03-06 12:14:06.399  INFO 17548 --- [restartedMain] o.s.s.web.DefaultSecurityFilterChain     : Will secure any request with [org.springframework.security.web.context.request.async.WebAsyncManagerIntegrationFilter@55fb5e20, org.springframework.security.web.context.SecurityContextPersistenceFilter@3e0547b7, org.springframework.security.web.header.HeaderWriterFilter@11916035, org.springframework.security.web.csrf.CsrfFilter@7648e0fb, org.springframework.security.web.authentication.logout.LogoutFilter@210688e5, org.springframework.security.web.authentication.UsernamePasswordAuthenticationFilter@1067efba, org.springframework.security.web.authentication.ui.DefaultLoginPageGeneratingFilter@53880b0f, org.springframework.security.web.authentication.ui.DefaultLogoutPageGeneratingFilter@18662b76, org.springframework.security.web.authentication.www.BasicAuthenticationFilter@72d1abb5, org.springframework.security.web.savedrequest.RequestCacheAwareFilter@1f59c838, org.springframework.security.web.servletapi.SecurityContextHolderAwareRequestFilter@30b2738f, org.springframework.security.web.authentication.AnonymousAuthenticationFilter@6795a7cc, org.springframework.security.web.session.SessionManagementFilter@77dc922a, org.springframework.security.web.access.ExceptionTranslationFilter@aa95ea5, org.springframework.security.web.access.intercept.FilterSecurityInterceptor@26c9f842]
2022-03-06 12:14:06.557  INFO 17548 --- [restartedMain] o.s.b.d.a.OptionalLiveReloadServer       : LiveReload server is running on port 35729
2022-03-06 12:14:06.637  INFO 17548 --- [restartedMain] o.s.b.w.embedded.tomcat.TomcatWebServer  : Tomcat started on port(s): 8071 (http) with context path ''
2022-03-06 12:14:06.671  INFO 17548 --- [restartedMain] DemoEventsApi                            : Started DemoEventsApi in 14.363 seconds (JVM running for 16.501)
